<?xml version="1.0" encoding="UTF-8"?>
<!-- Generated by org.testng.reporters.JUnitReportReporter -->
<testsuite skipped="0" hostname="Ty-Deepak-Tr" name="practice.POMPratice" tests="1" failures="0" timestamp="15 Oct 2020 11:07:20 GMT" time="12.862" errors="0">
  <testcase name="sampleTest" time="12.862" classname="practice.POMPratice"/>
</testsuite> <!-- practice.POMPratice -->
