<?xml version="1.0" encoding="UTF-8"?>
<!-- Generated by org.testng.reporters.JUnitReportReporter -->
<testsuite skipped="0" hostname="Ty-Deepak-Tr" name="com.autodest.organizationTest.CreateOrgTest" tests="4" failures="0" timestamp="16 Oct 2020 10:50:59 GMT" time="142.020" errors="0">
  <testcase name="createOrgWithIndustryTest" time="38.065" classname="com.autodest.organizationTest.CreateOrgTest"/>
  <testcase name="createOrgWithIndustryTest" time="40.217" classname="com.autodest.organizationTest.CreateOrgTest"/>
  <testcase name="createOrgTest" time="33.196" classname="com.autodest.organizationTest.CreateOrgTest"/>
  <testcase name="createOrgTest" time="30.542" classname="com.autodest.organizationTest.CreateOrgTest"/>
</testsuite> <!-- com.autodest.organizationTest.CreateOrgTest -->
